<?xml version="1.0" encoding="UTF-8"?>
<testng-results ignored="0" total="2" passed="2" failed="0" skipped="0">
  <reporter-output>
  </reporter-output>
  <suite started-at="2023-10-16T14:54:18 IST" name="Default suite" finished-at="2023-10-16T14:54:23 IST" duration-ms="4573">
    <groups>
    </groups>
    <test started-at="2023-10-16T14:54:18 IST" name="Default test" finished-at="2023-10-16T14:54:23 IST" duration-ms="4573">
      <class name="test3.test3">
        <test-method is-config="true" signature="setup()[pri:0, instance:test3.test3@1e4d3ce5]" started-at="2023-10-16T14:54:18 IST" name="setup" finished-at="2023-10-16T14:54:19 IST" duration-ms="488" status="PASS">
          <reporter-output>
          </reporter-output>
        </test-method> <!-- setup -->
        <test-method signature="postRequest()[pri:1, instance:test3.test3@1e4d3ce5]" started-at="2023-10-16T14:54:19 IST" name="postRequest" finished-at="2023-10-16T14:54:21 IST" duration-ms="2289" status="PASS">
          <reporter-output>
          </reporter-output>
        </test-method> <!-- postRequest -->
        <test-method signature="Second()[pri:2, instance:test3.test3@1e4d3ce5]" started-at="2023-10-16T14:54:21 IST" name="Second" finished-at="2023-10-16T14:54:23 IST" duration-ms="1746" status="PASS">
          <reporter-output>
          </reporter-output>
        </test-method> <!-- Second -->
      </class> <!-- test3.test3 -->
    </test> <!-- Default test -->
  </suite> <!-- Default suite -->
</testng-results>
